Added Component: Designator=L?_Prop1(L1212)
Add component. Clean all parameters for all variants
Add component (AddParameter): Name = "ComponentLink1Description"; Value = "Manufacturer URL"; VariantName = "[No Variations]"
Add component (AddParameter): Name = "ComponentLink1URL"; Value = "http://www.we-online.com"; VariantName = "[No Variations]"
Add component (AddParameter): Name = "ComponentLink2Description"; Value = "Datasheet"; VariantName = "[No Variations]"
Add component (AddParameter): Name = "ComponentLink2URL"; Value = "http://katalog.we-online.de/kataloge/eisos/media/pdf/74479763215.pdf"; VariantName = "[No Variations]"
Add component (AddParameter): Name = "Inductance"; Value = "1.50 µH"; VariantName = "[No Variations]"
Add component (AddParameter): Name = "Manufacturer"; Value = "Wuerth Elektronik"; VariantName = "[No Variations]"
Add component (AddParameter): Name = "PackageReference"; Value = "SMD 0603_A"; VariantName = "[No Variations]"
Add component (AddParameter): Name = "PartNumber"; Value = "74479763215"; VariantName = "[No Variations]"
Added Component: Designator=L?_Prop2(L1212)
Add component. Clean all parameters for all variants
Add component (AddParameter): Name = "ComponentLink1Description"; Value = "Manufacturer URL"; VariantName = "[No Variations]"
Add component (AddParameter): Name = "ComponentLink1URL"; Value = "http://www.we-online.com"; VariantName = "[No Variations]"
Add component (AddParameter): Name = "ComponentLink2Description"; Value = "Datasheet"; VariantName = "[No Variations]"
Add component (AddParameter): Name = "ComponentLink2URL"; Value = "http://katalog.we-online.de/kataloge/eisos/media/pdf/74479763215.pdf"; VariantName = "[No Variations]"
Add component (AddParameter): Name = "Inductance"; Value = "1.50 µH"; VariantName = "[No Variations]"
Add component (AddParameter): Name = "Manufacturer"; Value = "Wuerth Elektronik"; VariantName = "[No Variations]"
Add component (AddParameter): Name = "PackageReference"; Value = "SMD 0603_A"; VariantName = "[No Variations]"
Add component (AddParameter): Name = "PartNumber"; Value = "74479763215"; VariantName = "[No Variations]"
Added Pin To Net: NetName=NetD4_Prop1_1 Pin=L?_Prop1-1
Added Pin To Net: NetName=NetC7_Prop1_1 Pin=L?_Prop1-2
Added Pin To Net: NetName=NetD4_Prop2_1 Pin=L?_Prop2-1
Added Pin To Net: NetName=NetC7_Prop2_1 Pin=L?_Prop2-2
Added Member To Class: ClassName=Prop1 Member=Component L?_Prop1 (L?) 330uH
Added Member To Class: ClassName=Prop2 Member=Component L?_Prop2 (L?) 330uH
Added Room: Name=Designator
Added Room: Name=Prop1
Added Room: Name=Prop2
Added Room: Name=Sens1
Added Room: Name=Sens2
Added Room: Name=Sens3
Added Room: Name=Sens4
Added Room: Name=Sens5
Added Room: Name=Sens6
Added Room: Name=Sens7
Added Room: Name=Sens8
Added Room: Name=Sens9
Added Room: Name=Sens10
Added Room: Name=Sens11
Added Room: Name=TopSheet
