Change component parameters: Designator = "J3"; Footprint = "FP-CON-SMA-EDGE-S-MFG"; UniqueID = "\LINWTHQP"
Change component parameters. Clean all parameters for all variants
Change component parameters (AddParameter): Name = "Automotive"; Value = "No"; VariantName = "[No Variations]"
Change component parameters (AddParameter): Name = "Category"; Value = "Conn"; VariantName = "[No Variations]"
Change component parameters (AddParameter): Name = "ComponentLink2Description"; Value = "Datasheet"; VariantName = "[No Variations]"
Change component parameters (AddParameter): Name = "ComponentLink2URL"; Value = "https://www.rfsolutions.co.uk/downloads/1498648656DS-CON-EDGE-SMA-4.pdf"; VariantName = "[No Variations]"
Change component parameters (AddParameter): Name = "Conn Orientation"; Value = "Right Angle"; VariantName = "[No Variations]"
Change component parameters (AddParameter): Name = "Contact Material"; Value = "Gold"; VariantName = "[No Variations]"
Change component parameters (AddParameter): Name = "Device Class L1"; Value = "Connectors"; VariantName = "[No Variations]"
Change component parameters (AddParameter): Name = "Device Class L2"; Value = "RF / Coaxial Connectors"; VariantName = "[No Variations]"
Change component parameters (AddParameter): Name = "Device Class L3"; Value = "unset"; VariantName = "[No Variations]"
Change component parameters (AddParameter): Name = "Digikey Description"; Value = "CONN SMA JACK STR EDGE MNT"; VariantName = "[No Variations]"
Change component parameters (AddParameter): Name = "Footprint Url"; Value = "https://forum.upverter.com/uploads/default/original/3X/b/e/be75b907af57498775929d6d9099689c472e0307.pdf"; VariantName = "[No Variations]"
Change component parameters (AddParameter): Name = "Frequency"; Value = "18GHz"; VariantName = "[No Variations]"
Change component parameters (AddParameter): Name = "Height"; Value = "6.35mm"; VariantName = "[No Variations]"
Change component parameters (AddParameter): Name = "Impedance"; Value = "50O"; VariantName = "[No Variations]"
Change component parameters (AddParameter): Name = "Is Female"; Value = "yes"; VariantName = "[No Variations]"
Change component parameters (AddParameter): Name = "Lead Free"; Value = "Yes"; VariantName = "[No Variations]"
Change component parameters (AddParameter): Name = "Manufacturer"; Value = "RF Solutions Ltd."; VariantName = "[No Variations]"
Change component parameters (AddParameter): Name = "Manufacturer Part Number"; Value = "CON-SMA-EDGE-S"; VariantName = "[No Variations]"
Change component parameters (AddParameter): Name = "Number Of Contacts"; Value = "1"; VariantName = "[No Variations]"
Change component parameters (AddParameter): Name = "Octopart"; Value = "https://octopart.com/con-sma-edge-s-rf+solutions-70967450"; VariantName = "[No Variations]"
Change component parameters (AddParameter): Name = "Package"; Value = "CONN_JACK"; VariantName = "[No Variations]"
Change component parameters (AddParameter): Name = "RoHS"; Value = "TRUE"; VariantName = "[No Variations]"
Change component parameters (AddParameter): Name = "Shielding"; Value = "true"; VariantName = "[No Variations]"
Added Member To Class: ClassName=Designator Member=Component C1 100nF C-1206
Added Member To Class: ClassName=Designator Member=Component C2 220uF 50V Poly
Added Member To Class: ClassName=Designator Member=Component C3 100nF C-1206
Added Member To Class: ClassName=Designator Member=Component C4 220uF 50V Poly
Added Member To Class: ClassName=Prop1 Member=Component C5_Prop1 (C5) 47uF 50V AuPoly
Added Member To Class: ClassName=Prop2 Member=Component C5_Prop2 (C5) 47uF 50V AuPoly
Added Member To Class: ClassName=Prop1 Member=Component C6_Prop1 (C6) 10uF 50V 1206
Added Member To Class: ClassName=Prop2 Member=Component C6_Prop2 (C6) 10uF 50V 1206
Added Member To Class: ClassName=Prop1 Member=Component C7_Prop1 (C7) 470uF 50V AuPoly
Added Member To Class: ClassName=Prop2 Member=Component C7_Prop2 (C7) 470uF 50V AuPoly
Added Member To Class: ClassName=TopSheet Member=Component C8 470uF 50V AuPoly
Added Member To Class: ClassName=TopSheet Member=Component C9 100nF C-1206
Added Member To Class: ClassName=TopSheet Member=Component C10 100nF C-1206
Added Member To Class: ClassName=TopSheet Member=Component C11 100nF C-1206
Added Member To Class: ClassName=Designator Member=Component D1 LED Green
Added Member To Class: ClassName=Designator Member=Component D2 SK34A
Added Member To Class: ClassName=Prop1 Member=Component D3_Prop1 (D3) LED Green
Added Member To Class: ClassName=Prop2 Member=Component D3_Prop2 (D3) LED Green
Added Member To Class: ClassName=Prop1 Member=Component D4_Prop1 (D4) SK34A
Added Member To Class: ClassName=Prop2 Member=Component D4_Prop2 (D4) SK34A
Added Member To Class: ClassName=TopSheet Member=Component D5 LED Green
Added Member To Class: ClassName=Designator Member=Component J1 1725656
Added Member To Class: ClassName=Prop1 Member=Component J2_Prop1 (J2) 1725656
Added Member To Class: ClassName=Prop2 Member=Component J2_Prop2 (J2) 1725656
Added Member To Class: ClassName=TopSheet Member=Component J3 CON-SMA-EDGE-S
Added Member To Class: ClassName=TopSheet Member=Component J4 Header10x1
Added Member To Class: ClassName=TopSheet Member=Component J5 Header8x1
Added Member To Class: ClassName=TopSheet Member=Component J6 Header8x1
Added Member To Class: ClassName=TopSheet Member=Component J7 Header8x1
Added Member To Class: ClassName=TopSheet Member=Component J8 Header8x1
Added Member To Class: ClassName=TopSheet Member=Component J9 Header8x1
Added Member To Class: ClassName=TopSheet Member=Component J10 1725656
Added Member To Class: ClassName=TopSheet Member=Component J11 Header18x2
Added Member To Class: ClassName=TopSheet Member=Component J12 Zeta433
Added Member To Class: ClassName=Prop1 Member=Component L?_Prop1 (L?) 330uH
Added Member To Class: ClassName=Prop2 Member=Component L?_Prop2 (L?) 330uH
Added Member To Class: ClassName=Designator Member=Component L? 100uH
Added Member To Class: ClassName=Sens1 Member=Component P1_Sens1 (P1) Header 3
Added Member To Class: ClassName=Sens2 Member=Component P1_Sens2 (P1) Header 3
Added Member To Class: ClassName=Sens3 Member=Component P1_Sens3 (P1) Header 3
Added Member To Class: ClassName=Sens4 Member=Component P1_Sens4 (P1) Header 3
Added Member To Class: ClassName=Sens5 Member=Component P1_Sens5 (P1) Header 3
Added Member To Class: ClassName=Sens6 Member=Component P1_Sens6 (P1) Header 3
Added Member To Class: ClassName=Sens7 Member=Component P1_Sens7 (P1) Header 3
Added Member To Class: ClassName=Sens8 Member=Component P1_Sens8 (P1) Header 3
Added Member To Class: ClassName=Sens9 Member=Component P1_Sens9 (P1) Header 3
Added Member To Class: ClassName=Sens10 Member=Component P1_Sens10 (P1) Header 3
Added Member To Class: ClassName=Sens11 Member=Component P1_Sens11 (P1) Header 3
Added Member To Class: ClassName=Designator Member=Component Q1 BC846BLT3G
Added Member To Class: ClassName=Prop1 Member=Component Q2_Prop1 (Q2) BC846BLT3G
Added Member To Class: ClassName=Prop2 Member=Component Q2_Prop2 (Q2) BC846BLT3G
Added Member To Class: ClassName=Designator Member=Component R1 500R
Added Member To Class: ClassName=Designator Member=Component R2 10K
Added Member To Class: ClassName=Designator Member=Component R3 1R 1206
Added Member To Class: ClassName=Designator Member=Component R4 1R 1206
Added Member To Class: ClassName=Designator Member=Component R5 1R 1206
Added Member To Class: ClassName=Prop1 Member=Component R6_Prop1 (R6) 500R
Added Member To Class: ClassName=Prop2 Member=Component R6_Prop2 (R6) 500R
Added Member To Class: ClassName=Prop1 Member=Component R7_Prop1 (R7) 10K
Added Member To Class: ClassName=Prop2 Member=Component R7_Prop2 (R7) 10K
Added Member To Class: ClassName=Prop1 Member=Component R8_Prop1 (R8) 1R 1206
Added Member To Class: ClassName=Prop2 Member=Component R8_Prop2 (R8) 1R 1206
Added Member To Class: ClassName=Sens1 Member=Component R9_Sens1 (R9) 2K7
Added Member To Class: ClassName=Sens2 Member=Component R9_Sens2 (R9) 2K7
Added Member To Class: ClassName=Sens3 Member=Component R9_Sens3 (R9) 2K7
Added Member To Class: ClassName=Sens4 Member=Component R9_Sens4 (R9) 2K7
Added Member To Class: ClassName=Sens5 Member=Component R9_Sens5 (R9) 2K7
Added Member To Class: ClassName=Sens6 Member=Component R9_Sens6 (R9) 2K7
Added Member To Class: ClassName=Sens7 Member=Component R9_Sens7 (R9) 2K7
Added Member To Class: ClassName=Sens8 Member=Component R9_Sens8 (R9) 2K7
Added Member To Class: ClassName=Sens9 Member=Component R9_Sens9 (R9) 2K7
Added Member To Class: ClassName=Sens10 Member=Component R9_Sens10 (R9) 2K7
Added Member To Class: ClassName=Sens11 Member=Component R9_Sens11 (R9) 2K7
Added Member To Class: ClassName=Sens1 Member=Component R10_Sens1 (R10) 3K3
Added Member To Class: ClassName=Sens2 Member=Component R10_Sens2 (R10) 3K3
Added Member To Class: ClassName=Sens3 Member=Component R10_Sens3 (R10) 3K3
Added Member To Class: ClassName=Sens4 Member=Component R10_Sens4 (R10) 3K3
Added Member To Class: ClassName=Sens5 Member=Component R10_Sens5 (R10) 3K3
Added Member To Class: ClassName=Sens6 Member=Component R10_Sens6 (R10) 3K3
Added Member To Class: ClassName=Sens7 Member=Component R10_Sens7 (R10) 3K3
Added Member To Class: ClassName=Sens8 Member=Component R10_Sens8 (R10) 3K3
Added Member To Class: ClassName=Sens9 Member=Component R10_Sens9 (R10) 3K3
Added Member To Class: ClassName=Sens10 Member=Component R10_Sens10 (R10) 3K3
Added Member To Class: ClassName=Sens11 Member=Component R10_Sens11 (R10) 3K3
Added Member To Class: ClassName=TopSheet Member=Component R11 10K5 1206
Added Member To Class: ClassName=TopSheet Member=Component R12 3K3 1206
Added Member To Class: ClassName=TopSheet Member=Component R13 2K5 1206
Added Member To Class: ClassName=Designator Member=Component R14 10m 1206
Added Member To Class: ClassName=Prop1 Member=Component R15_Prop1 (R15) 10m 1206
Added Member To Class: ClassName=Prop2 Member=Component R15_Prop2 (R15) 10m 1206
Added Member To Class: ClassName=TopSheet Member=Component R16 2M5
Added Member To Class: ClassName=TopSheet Member=Component R17 5K
Added Member To Class: ClassName=TopSheet Member=Component R18 990K
Added Member To Class: ClassName=TopSheet Member=Component R19 10K
Added Member To Class: ClassName=TopSheet Member=Component R20 990K
Added Member To Class: ClassName=TopSheet Member=Component R21 10K
Added Member To Class: ClassName=Designator Member=Component U1 DRV8870
Added Member To Class: ClassName=Prop1 Member=Component U2_Prop1 (U2) DRV8870
Added Member To Class: ClassName=Prop2 Member=Component U2_Prop2 (U2) DRV8870
Added Member To Class: ClassName=TopSheet Member=Component U3 LM324MX
Added Member To Class: ClassName=HC Member=Wire NetJ1_1
Added Member To Class: ClassName=HC Member=Element[1]: SENS
Added Member To Class: ClassName=HC Member=Element[2]: SENS
Added Room: Name=Designator
Added Room: Name=Prop1
Added Room: Name=Prop2
Added Room: Name=Sens1
Added Room: Name=Sens2
Added Room: Name=Sens3
Added Room: Name=Sens4
Added Room: Name=Sens5
Added Room: Name=Sens6
Added Room: Name=Sens7
Added Room: Name=Sens8
Added Room: Name=Sens9
Added Room: Name=Sens10
Added Room: Name=Sens11
Added Room: Name=TopSheet
