Removed Pin From Net: NetName=GND Pin=J1-1
Removed Pin From Net: NetName=GND Pin=J2_Prop1-1
Removed Pin From Net: NetName=GND Pin=J2_Prop2-1
Added Component: Designator=C9(C-1206)
Add component. Clean all parameters for all variants
Add component (AddParameter): Name = "Case-EIA"; Value = "1206"; VariantName = "[No Variations]"
Add component (AddParameter): Name = "Case-Metric"; Value = "3216"; VariantName = "[No Variations]"
Add component (AddParameter): Name = "Max Thickness"; Value = "1 mm"; VariantName = "[No Variations]"
Add component (AddParameter): Name = "Rated Voltage"; Value = "50 V"; VariantName = "[No Variations]"
Add component (AddParameter): Name = "Technology"; Value = "SMT"; VariantName = "[No Variations]"
Add component (AddParameter): Name = "Tolerance"; Value = "±20%"; VariantName = "[No Variations]"
Add component (AddParameter): Name = "Value"; Value = "100nF"; VariantName = "[No Variations]"
Added Component: Designator=C10(C-1206)
Add component. Clean all parameters for all variants
Add component (AddParameter): Name = "Case-EIA"; Value = "1206"; VariantName = "[No Variations]"
Add component (AddParameter): Name = "Case-Metric"; Value = "3216"; VariantName = "[No Variations]"
Add component (AddParameter): Name = "Max Thickness"; Value = "1 mm"; VariantName = "[No Variations]"
Add component (AddParameter): Name = "Rated Voltage"; Value = "50 V"; VariantName = "[No Variations]"
Add component (AddParameter): Name = "Technology"; Value = "SMT"; VariantName = "[No Variations]"
Add component (AddParameter): Name = "Tolerance"; Value = "±20%"; VariantName = "[No Variations]"
Add component (AddParameter): Name = "Value"; Value = "100nF"; VariantName = "[No Variations]"
Added Component: Designator=C11(C-1206)
Add component. Clean all parameters for all variants
Add component (AddParameter): Name = "Case-EIA"; Value = "1206"; VariantName = "[No Variations]"
Add component (AddParameter): Name = "Case-Metric"; Value = "3216"; VariantName = "[No Variations]"
Add component (AddParameter): Name = "Max Thickness"; Value = "1 mm"; VariantName = "[No Variations]"
Add component (AddParameter): Name = "Rated Voltage"; Value = "50 V"; VariantName = "[No Variations]"
Add component (AddParameter): Name = "Technology"; Value = "SMT"; VariantName = "[No Variations]"
Add component (AddParameter): Name = "Tolerance"; Value = "±20%"; VariantName = "[No Variations]"
Add component (AddParameter): Name = "Value"; Value = "100nF"; VariantName = "[No Variations]"
Added Component: Designator=R14(RESC1206(3216)_N)
Add component. Clean all parameters for all variants
Add component (AddParameter): Name = "Case-EIA"; Value = "1206"; VariantName = "[No Variations]"
Add component (AddParameter): Name = "Case-Metric"; Value = "3216"; VariantName = "[No Variations]"
Add component (AddParameter): Name = "Power"; Value = "0.25 W"; VariantName = "[No Variations]"
Add component (AddParameter): Name = "Technology"; Value = "SMT"; VariantName = "[No Variations]"
Add component (AddParameter): Name = "Tolerance"; Value = "5 %"; VariantName = "[No Variations]"
Add component (AddParameter): Name = "Value"; Value = "1.20 Ohm"; VariantName = "[No Variations]"
Added Component: Designator=R15_Prop1(RESC1206(3216)_N)
Add component. Clean all parameters for all variants
Add component (AddParameter): Name = "Case-EIA"; Value = "1206"; VariantName = "[No Variations]"
Add component (AddParameter): Name = "Case-Metric"; Value = "3216"; VariantName = "[No Variations]"
Add component (AddParameter): Name = "Power"; Value = "0.25 W"; VariantName = "[No Variations]"
Add component (AddParameter): Name = "Technology"; Value = "SMT"; VariantName = "[No Variations]"
Add component (AddParameter): Name = "Tolerance"; Value = "5 %"; VariantName = "[No Variations]"
Add component (AddParameter): Name = "Value"; Value = "1.20 Ohm"; VariantName = "[No Variations]"
Added Component: Designator=R15_Prop2(RESC1206(3216)_N)
Add component. Clean all parameters for all variants
Add component (AddParameter): Name = "Case-EIA"; Value = "1206"; VariantName = "[No Variations]"
Add component (AddParameter): Name = "Case-Metric"; Value = "3216"; VariantName = "[No Variations]"
Add component (AddParameter): Name = "Power"; Value = "0.25 W"; VariantName = "[No Variations]"
Add component (AddParameter): Name = "Technology"; Value = "SMT"; VariantName = "[No Variations]"
Add component (AddParameter): Name = "Tolerance"; Value = "5 %"; VariantName = "[No Variations]"
Add component (AddParameter): Name = "Value"; Value = "1.20 Ohm"; VariantName = "[No Variations]"
Added Component: Designator=R16(RESC0603(1608)_N)
Add component. Clean all parameters for all variants
Add component (AddParameter): Name = "Case-EIA"; Value = "0603"; VariantName = "[No Variations]"
Add component (AddParameter): Name = "Case-Metric"; Value = "1608"; VariantName = "[No Variations]"
Add component (AddParameter): Name = "Power"; Value = "0.1 W"; VariantName = "[No Variations]"
Add component (AddParameter): Name = "Technology"; Value = "SMT"; VariantName = "[No Variations]"
Add component (AddParameter): Name = "Tolerance"; Value = "1 %"; VariantName = "[No Variations]"
Add component (AddParameter): Name = "Value"; Value = "10000.00 Ohm"; VariantName = "[No Variations]"
Added Component: Designator=R17(RESC0603(1608)_N)
Add component. Clean all parameters for all variants
Add component (AddParameter): Name = "Case-EIA"; Value = "0603"; VariantName = "[No Variations]"
Add component (AddParameter): Name = "Case-Metric"; Value = "1608"; VariantName = "[No Variations]"
Add component (AddParameter): Name = "Power"; Value = "0.1 W"; VariantName = "[No Variations]"
Add component (AddParameter): Name = "Technology"; Value = "SMT"; VariantName = "[No Variations]"
Add component (AddParameter): Name = "Tolerance"; Value = "1 %"; VariantName = "[No Variations]"
Add component (AddParameter): Name = "Value"; Value = "10000.00 Ohm"; VariantName = "[No Variations]"
Added Component: Designator=R18(RESC0603(1608)_N)
Add component. Clean all parameters for all variants
Add component (AddParameter): Name = "Case-EIA"; Value = "0603"; VariantName = "[No Variations]"
Add component (AddParameter): Name = "Case-Metric"; Value = "1608"; VariantName = "[No Variations]"
Add component (AddParameter): Name = "Power"; Value = "0.1 W"; VariantName = "[No Variations]"
Add component (AddParameter): Name = "Technology"; Value = "SMT"; VariantName = "[No Variations]"
Add component (AddParameter): Name = "Tolerance"; Value = "1 %"; VariantName = "[No Variations]"
Add component (AddParameter): Name = "Value"; Value = "10000.00 Ohm"; VariantName = "[No Variations]"
Added Component: Designator=R19(RESC0603(1608)_N)
Add component. Clean all parameters for all variants
Add component (AddParameter): Name = "Case-EIA"; Value = "0603"; VariantName = "[No Variations]"
Add component (AddParameter): Name = "Case-Metric"; Value = "1608"; VariantName = "[No Variations]"
Add component (AddParameter): Name = "Power"; Value = "0.1 W"; VariantName = "[No Variations]"
Add component (AddParameter): Name = "Technology"; Value = "SMT"; VariantName = "[No Variations]"
Add component (AddParameter): Name = "Tolerance"; Value = "1 %"; VariantName = "[No Variations]"
Add component (AddParameter): Name = "Value"; Value = "10000.00 Ohm"; VariantName = "[No Variations]"
Added Component: Designator=R20(RESC0603(1608)_N)
Add component. Clean all parameters for all variants
Add component (AddParameter): Name = "Case-EIA"; Value = "0603"; VariantName = "[No Variations]"
Add component (AddParameter): Name = "Case-Metric"; Value = "1608"; VariantName = "[No Variations]"
Add component (AddParameter): Name = "Power"; Value = "0.1 W"; VariantName = "[No Variations]"
Add component (AddParameter): Name = "Technology"; Value = "SMT"; VariantName = "[No Variations]"
Add component (AddParameter): Name = "Tolerance"; Value = "1 %"; VariantName = "[No Variations]"
Add component (AddParameter): Name = "Value"; Value = "10000.00 Ohm"; VariantName = "[No Variations]"
Added Component: Designator=R21(RESC0603(1608)_N)
Add component. Clean all parameters for all variants
Add component (AddParameter): Name = "Case-EIA"; Value = "0603"; VariantName = "[No Variations]"
Add component (AddParameter): Name = "Case-Metric"; Value = "1608"; VariantName = "[No Variations]"
Add component (AddParameter): Name = "Power"; Value = "0.1 W"; VariantName = "[No Variations]"
Add component (AddParameter): Name = "Technology"; Value = "SMT"; VariantName = "[No Variations]"
Add component (AddParameter): Name = "Tolerance"; Value = "1 %"; VariantName = "[No Variations]"
Add component (AddParameter): Name = "Value"; Value = "10000.00 Ohm"; VariantName = "[No Variations]"
Added Component: Designator=U3(D0014A_L)
Add component. Clean all parameters for all variants
Add component (AddParameter): Name = "Code_IPC"; Value = "SOIC127P600-14"; VariantName = "[No Variations]"
Add component (AddParameter): Name = "Code_JEDEC"; Value = "MS-012AB"; VariantName = "[No Variations]"
Add component (AddParameter): Name = "Code_JEITA"; Value = ""; VariantName = "[No Variations]"
Add component (AddParameter): Name = "ComponentLink1Description"; Value = "Datasheet URL"; VariantName = "[No Variations]"
Add component (AddParameter): Name = "ComponentLink1URL"; Value = "http://www.ti.com/general/docs/lit/getliterature.tsp?genericPartNumber=LM324-N&fileType=pdf"; VariantName = "[No Variations]"
Add component (AddParameter): Name = "CompType"; Value = "Amplifiers"; VariantName = "[No Variations]"
Add component (AddParameter): Name = "High-Reliability"; Value = ""; VariantName = "[No Variations]"
Add component (AddParameter): Name = "Manufacturer"; Value = "Texas Instruments"; VariantName = "[No Variations]"
Add component (AddParameter): Name = "PackageDescription"; Value = "Molded Package S.O., .150in Wide, 14 Lead"; VariantName = "[No Variations]"
Add component (AddParameter): Name = "Package Reference"; Value = "D0014A"; VariantName = "[No Variations]"
Add component (AddParameter): Name = "PackageTopMarking"; Value = "NSUZXYTTE#*LM324M"; VariantName = "[No Variations]"
Add component (AddParameter): Name = "PartNumber"; Value = ""; VariantName = "[No Variations]"
Add component (AddParameter): Name = "PinCount"; Value = "14"; VariantName = "[No Variations]"
Add component (AddParameter): Name = "PowerWise"; Value = "N"; VariantName = "[No Variations]"
Add component (AddParameter): Name = "RoHS"; Value = "N"; VariantName = "[No Variations]"
Added Pin To Net: NetName=GND Pin=C9-1
Added Pin To Net: NetName=+12 Pin=C9-2
Added Pin To Net: NetName=GND Pin=C10-1
Added Pin To Net: NetName=+12 Pin=C10-2
Added Pin To Net: NetName=GND Pin=C11-1
Added Pin To Net: NetName=+12 Pin=C11-2
Added Pin To Net: NetName=GND Pin=R14-1
Added Pin To Net: NetName=GND Pin=R15_Prop1-1
Added Pin To Net: NetName=GND Pin=R15_Prop2-1
Added Pin To Net: NetName=AI11 Pin=R16-2
Added Pin To Net: NetName=GND Pin=R17-1
Added Pin To Net: NetName=AI9 Pin=R18-2
Added Pin To Net: NetName=GND Pin=R19-1
Added Pin To Net: NetName=AI10 Pin=R20-2
Added Pin To Net: NetName=GND Pin=R21-1
Added Pin To Net: NetName=AI11 Pin=U3-1
Added Pin To Net: NetName=+12 Pin=U3-4
Added Pin To Net: NetName=AI9 Pin=U3-7
Added Pin To Net: NetName=AI10 Pin=U3-8
Added Pin To Net: NetName=GND Pin=U3-11
Added Pin To Net: NetName=NetJ1_1 Pin=J1-1
Added Pin To Net: NetName=NetJ1_1 Pin=R14-2
Added Pin To Net: NetName=NetJ1_1 Pin=U3-3
Added Net: Name=NetJ1_1
Added Pin To Net: NetName=NetR16_1 Pin=R16-1
Added Pin To Net: NetName=NetR16_1 Pin=R17-2
Added Pin To Net: NetName=NetR16_1 Pin=U3-2
Added Net: Name=NetR16_1
Added Pin To Net: NetName=NetR18_1 Pin=R18-1
Added Pin To Net: NetName=NetR18_1 Pin=R19-2
Added Pin To Net: NetName=NetR18_1 Pin=U3-6
Added Net: Name=NetR18_1
Added Pin To Net: NetName=NetR20_1 Pin=R20-1
Added Pin To Net: NetName=NetR20_1 Pin=R21-2
Added Pin To Net: NetName=NetR20_1 Pin=U3-9
Added Net: Name=NetR20_1
Added Pin To Net: NetName=SENS1 Pin=J2_Prop1-1
Added Pin To Net: NetName=SENS1 Pin=R15_Prop1-2
Added Pin To Net: NetName=SENS1 Pin=U3-5
Added Net: Name=SENS1
Added Pin To Net: NetName=SENS2 Pin=J2_Prop2-1
Added Pin To Net: NetName=SENS2 Pin=R15_Prop2-2
Added Pin To Net: NetName=SENS2 Pin=U3-10
Added Net: Name=SENS2
Change Class Name : Old Net Name=AI[1..11] New Net Name=AI[1..8]
Added Class: Name=SENS[1..2]
Added Member To Class: ClassName=TopSheet Member=Component C9 100nF C-1206
Added Member To Class: ClassName=TopSheet Member=Component C10 100nF C-1206
Added Member To Class: ClassName=TopSheet Member=Component C11 100nF C-1206
Added Member To Class: ClassName=Sens2 Member=Component J3_Sens2 (J3) B3B-XH-A(LF)(SN)
Added Member To Class: ClassName=Sens3 Member=Component J3_Sens3 (J3) B3B-XH-A(LF)(SN)
Added Member To Class: ClassName=Sens4 Member=Component J3_Sens4 (J3) B3B-XH-A(LF)(SN)
Added Member To Class: ClassName=Sens5 Member=Component J3_Sens5 (J3) B3B-XH-A(LF)(SN)
Added Member To Class: ClassName=Sens6 Member=Component J3_Sens6 (J3) B3B-XH-A(LF)(SN)
Added Member To Class: ClassName=Sens7 Member=Component J3_Sens7 (J3) B3B-XH-A(LF)(SN)
Added Member To Class: ClassName=Sens8 Member=Component J3_Sens8 (J3) B3B-XH-A(LF)(SN)
Added Member To Class: ClassName=Sens9 Member=Component J3_Sens9 (J3) B3B-XH-A(LF)(SN)
Added Member To Class: ClassName=Sens10 Member=Component J3_Sens10 (J3) B3B-XH-A(LF)(SN)
Added Member To Class: ClassName=Sens11 Member=Component J3_Sens11 (J3) B3B-XH-A(LF)(SN)
Added Member To Class: ClassName=Sens2 Member=Component R9_Sens2 (R9) 2K7
Added Member To Class: ClassName=Sens3 Member=Component R9_Sens3 (R9) 2K7
Added Member To Class: ClassName=Sens4 Member=Component R9_Sens4 (R9) 2K7
Added Member To Class: ClassName=Sens5 Member=Component R9_Sens5 (R9) 2K7
Added Member To Class: ClassName=Sens6 Member=Component R9_Sens6 (R9) 2K7
Added Member To Class: ClassName=Sens7 Member=Component R9_Sens7 (R9) 2K7
Added Member To Class: ClassName=Sens8 Member=Component R9_Sens8 (R9) 2K7
Added Member To Class: ClassName=Sens9 Member=Component R9_Sens9 (R9) 2K7
Added Member To Class: ClassName=Sens10 Member=Component R9_Sens10 (R9) 2K7
Added Member To Class: ClassName=Sens11 Member=Component R9_Sens11 (R9) 2K7
Added Member To Class: ClassName=Sens2 Member=Component R10_Sens2 (R10) 3K3
Added Member To Class: ClassName=Sens3 Member=Component R10_Sens3 (R10) 3K3
Added Member To Class: ClassName=Sens4 Member=Component R10_Sens4 (R10) 3K3
Added Member To Class: ClassName=Sens5 Member=Component R10_Sens5 (R10) 3K3
Added Member To Class: ClassName=Sens6 Member=Component R10_Sens6 (R10) 3K3
Added Member To Class: ClassName=Sens7 Member=Component R10_Sens7 (R10) 3K3
Added Member To Class: ClassName=Sens8 Member=Component R10_Sens8 (R10) 3K3
Added Member To Class: ClassName=Sens9 Member=Component R10_Sens9 (R10) 3K3
Added Member To Class: ClassName=Sens10 Member=Component R10_Sens10 (R10) 3K3
Added Member To Class: ClassName=Sens11 Member=Component R10_Sens11 (R10) 3K3
Added Member To Class: ClassName=Designator Member=Component R14 10m 1206
Added Member To Class: ClassName=Prop1 Member=Component R15_Prop1 (R15) 10m 1206
Added Member To Class: ClassName=Prop2 Member=Component R15_Prop2 (R15) 10m 1206
Added Member To Class: ClassName=TopSheet Member=Component R16 2M5
Added Member To Class: ClassName=TopSheet Member=Component R17 5K
Added Member To Class: ClassName=TopSheet Member=Component R18 990K
Added Member To Class: ClassName=TopSheet Member=Component R19 10K
Added Member To Class: ClassName=TopSheet Member=Component R20 990K
Added Member To Class: ClassName=TopSheet Member=Component R21 10K
Added Member To Class: ClassName=TopSheet Member=Component U3 LM324MX
Added Room: Name=Designator
Added Room: Name=Prop1
Added Room: Name=Prop2
Added Room: Name=Sens1
Added Room: Name=Sens2
Added Room: Name=Sens3
Added Room: Name=Sens4
Added Room: Name=Sens5
Added Room: Name=Sens6
Added Room: Name=Sens7
Added Room: Name=Sens8
Added Room: Name=Sens9
Added Room: Name=Sens10
Added Room: Name=Sens11
Added Room: Name=TopSheet
